build/app/intermediates/manifest_merge_blame_file/debug/manifest-merger-blame-debug-report.txt
1<?xml version="1.0" encoding="utf-8"?>
2<manifest xmlns:android="http://schemas.android.com/apk/res/android"
3    package="com.example.flutter_fanpage_kk"
4    android:versionCode="1"
5    android:versionName="1.0.0" >
6
7    <uses-sdk
8        android:minSdkVersion="21"
9        android:targetSdkVersion="30" />
10    <!--
11         Flutter needs it to communicate with the running application
12         to allow setting breakpoints, to provide hot reload, etc.
13    -->
14    <uses-permission android:name="android.permission.INTERNET" />
14-->src\main\AndroidManifest.xml:58:7-68
14-->src\main\AndroidManifest.xml:58:24-66
15    <uses-permission android:name="android.permission.READ_EXTERNAL_STORAGE" />
15-->[:file_picker] AndroidManifest.xml:7:5-80
15-->[:file_picker] AndroidManifest.xml:7:22-77
16
17    <queries>
17-->[:file_picker] AndroidManifest.xml:9:5-15:15
18        <intent>
18-->[:file_picker] AndroidManifest.xml:10:9-14:18
19            <action android:name="android.intent.action.GET_CONTENT" />
19-->[:file_picker] AndroidManifest.xml:11:13-72
19-->[:file_picker] AndroidManifest.xml:11:21-69
20
21            <data android:mimeType="*/*" />
21-->src\main\AndroidManifest.xml:54:13-71
22        </intent>
23    </queries>
24
25    <uses-permission android:name="android.permission.ACCESS_NETWORK_STATE" />
25-->[com.google.firebase:firebase-auth:21.0.1] AndroidManifest.xml:24:5-79
25-->[com.google.firebase:firebase-auth:21.0.1] AndroidManifest.xml:24:22-76
26    <uses-permission android:name="android.permission.WAKE_LOCK" />
26-->[com.google.android.gms:play-services-measurement-api:19.0.1] AndroidManifest.xml:24:5-68
26-->[com.google.android.gms:play-services-measurement-api:19.0.1] AndroidManifest.xml:24:22-65
27    <uses-permission android:name="com.google.android.finsky.permission.BIND_GET_INSTALL_REFERRER_SERVICE" />
27-->[com.google.android.gms:play-services-measurement:19.0.1] AndroidManifest.xml:26:5-110
27-->[com.google.android.gms:play-services-measurement:19.0.1] AndroidManifest.xml:26:22-107
28
29    <application
29-->src\main\AndroidManifest.xml:3:4-57:19
30        android:appComponentFactory="androidx.core.app.CoreComponentFactory"
30-->[androidx.core:core:1.3.2] AndroidManifest.xml:24:18-86
31        android:debuggable="true"
32        android:icon="@mipmap/ic_launcher"
32-->src\main\AndroidManifest.xml:5:9-43
33        android:label="fanpage_app"
33-->src\main\AndroidManifest.xml:4:9-36
34        android:supportsRtl="true" >
34-->[com.facebook.android:facebook-login:11.3.0] AndroidManifest.xml:28:18-44
35        <activity
35-->src\main\AndroidManifest.xml:6:9-34:20
36            android:name="com.example.fanpage_app.MainActivity"
36-->src\main\AndroidManifest.xml:7:13-41
37            android:configChanges="orientation|keyboardHidden|keyboard|screenSize|smallestScreenSize|locale|layoutDirection|fontScale|screenLayout|density|uiMode"
37-->src\main\AndroidManifest.xml:10:13-163
38            android:hardwareAccelerated="true"
38-->src\main\AndroidManifest.xml:11:13-47
39            android:launchMode="singleTop"
39-->src\main\AndroidManifest.xml:8:13-43
40            android:theme="@style/LaunchTheme"
40-->src\main\AndroidManifest.xml:9:13-47
41            android:windowSoftInputMode="adjustResize" >
41-->src\main\AndroidManifest.xml:12:13-55
42
43            <!--
44                 Specifies an Android theme to apply to this Activity as soon as
45                 the Android process has started. This theme is visible to the user
46                 while the Flutter UI initializes. After that, this theme continues
47                 to determine the Window background behind the Flutter UI.
48            -->
49            <meta-data
49-->src\main\AndroidManifest.xml:17:13-20:17
50                android:name="io.flutter.embedding.android.NormalTheme"
50-->src\main\AndroidManifest.xml:18:15-70
51                android:resource="@style/NormalTheme" />
51-->src\main\AndroidManifest.xml:19:15-52
52            <!--
53                 Displays an Android View that continues showing the launch screen
54                 Drawable until Flutter paints its first frame, then this splash
55                 screen fades out. A splash screen is useful to avoid any visual
56                 gap between the end of Android's launch screen and the painting of
57                 Flutter's first frame.
58            -->
59            <meta-data
59-->src\main\AndroidManifest.xml:26:13-29:17
60                android:name="io.flutter.embedding.android.SplashScreenDrawable"
60-->src\main\AndroidManifest.xml:27:15-79
61                android:resource="@drawable/launch_background" />
61-->src\main\AndroidManifest.xml:28:15-61
62
63            <intent-filter>
63-->src\main\AndroidManifest.xml:30:13-33:29
64                <action android:name="android.intent.action.MAIN" />
64-->src\main\AndroidManifest.xml:31:17-68
64-->src\main\AndroidManifest.xml:31:25-66
65
66                <category android:name="android.intent.category.LAUNCHER" />
66-->src\main\AndroidManifest.xml:32:17-76
66-->src\main\AndroidManifest.xml:32:27-74
67            </intent-filter>
68        </activity>
69        <!--
70             Don't delete the meta-data below.
71             This is used by the Flutter tool to generate GeneratedPluginRegistrant.java
72        -->
73        <meta-data
73-->src\main\AndroidManifest.xml:37:9-39:33
74            android:name="flutterEmbedding"
74-->src\main\AndroidManifest.xml:38:13-44
75            android:value="2" />
75-->src\main\AndroidManifest.xml:39:13-30
76        <meta-data
76-->src\main\AndroidManifest.xml:40:13-41:50
77            android:name="com.facebook.sdk.ApplicationId"
77-->src\main\AndroidManifest.xml:40:24-69
78            android:value="@string/facebook_app_id" />
78-->src\main\AndroidManifest.xml:41:9-48
79
80        <activity
80-->src\main\AndroidManifest.xml:43:5-46:44
81            android:name="com.facebook.FacebookActivity"
81-->src\main\AndroidManifest.xml:43:15-59
82            android:configChanges="keyboard|keyboardHidden|screenLayout|screenSize|orientation"
82-->src\main\AndroidManifest.xml:44:9-109
83            android:label="@string/app_name"
83-->src\main\AndroidManifest.xml:46:9-41
84            android:theme="@style/com_facebook_activity_theme" />
84-->[com.facebook.android:facebook-common:11.3.0] AndroidManifest.xml:33:13-63
85        <activity
85-->src\main\AndroidManifest.xml:47:5-56:16
86            android:name="com.facebook.CustomTabActivity"
86-->src\main\AndroidManifest.xml:48:9-54
87            android:exported="true" >
87-->src\main\AndroidManifest.xml:49:9-32
88            <intent-filter>
88-->src\main\AndroidManifest.xml:50:9-55:25
89                <action android:name="android.intent.action.VIEW" />
89-->src\main\AndroidManifest.xml:51:13-65
89-->src\main\AndroidManifest.xml:51:21-62
90
91                <category android:name="android.intent.category.DEFAULT" />
91-->src\main\AndroidManifest.xml:52:13-72
91-->src\main\AndroidManifest.xml:52:23-69
92                <category android:name="android.intent.category.BROWSABLE" />
92-->src\main\AndroidManifest.xml:53:13-74
92-->src\main\AndroidManifest.xml:53:23-71
93
94                <data android:scheme="@string/fb_login_protocol_scheme" />
94-->src\main\AndroidManifest.xml:54:13-71
94-->src\main\AndroidManifest.xml:54:19-68
95            </intent-filter>
96            <intent-filter>
96-->[com.facebook.android:facebook-common:11.3.0] AndroidManifest.xml:39:13-48:29
97                <action android:name="android.intent.action.VIEW" />
97-->src\main\AndroidManifest.xml:51:13-65
97-->src\main\AndroidManifest.xml:51:21-62
98
99                <category android:name="android.intent.category.DEFAULT" />
99-->src\main\AndroidManifest.xml:52:13-72
99-->src\main\AndroidManifest.xml:52:23-69
100                <category android:name="android.intent.category.BROWSABLE" />
100-->src\main\AndroidManifest.xml:53:13-74
100-->src\main\AndroidManifest.xml:53:23-71
101
102                <data
102-->src\main\AndroidManifest.xml:54:13-71
103                    android:host="cct.com.example.flutter_fanpage_kk"
104                    android:scheme="fbconnect" />
104-->src\main\AndroidManifest.xml:54:19-68
105            </intent-filter>
106        </activity>
107
108        <service
108-->[:firebase_auth] AndroidManifest.xml:8:9-12:19
109            android:name="com.google.firebase.components.ComponentDiscoveryService"
109-->[:firebase_auth] AndroidManifest.xml:8:18-89
110            android:directBootAware="true"
110-->[com.google.firebase:firebase-common:20.0.0] AndroidManifest.xml:35:13-43
111            android:exported="false" >
111-->[com.google.firebase:firebase-auth:21.0.1] AndroidManifest.xml:76:13-37
112            <meta-data
112-->[:firebase_auth] AndroidManifest.xml:9:13-11:85
113                android:name="com.google.firebase.components:io.flutter.plugins.firebase.auth.FlutterFirebaseAuthRegistrar"
113-->[:firebase_auth] AndroidManifest.xml:10:17-124
114                android:value="com.google.firebase.components.ComponentRegistrar" />
114-->[:firebase_auth] AndroidManifest.xml:11:17-82
115            <meta-data
115-->[:firebase_storage] AndroidManifest.xml:9:13-11:85
116                android:name="com.google.firebase.components:io.flutter.plugins.firebase.storage.FlutterFirebaseAppRegistrar"
116-->[:firebase_storage] AndroidManifest.xml:10:17-126
117                android:value="com.google.firebase.components.ComponentRegistrar" />
117-->[:firebase_storage] AndroidManifest.xml:11:17-82
118            <meta-data
118-->[:cloud_firestore] AndroidManifest.xml:9:13-11:85
119                android:name="com.google.firebase.components:io.flutter.plugins.firebase.firestore.FlutterFirebaseFirestoreRegistrar"
119-->[:cloud_firestore] AndroidManifest.xml:10:17-134
120                android:value="com.google.firebase.components.ComponentRegistrar" />
120-->[:cloud_firestore] AndroidManifest.xml:11:17-82
121            <meta-data
121-->[:firebase_core] AndroidManifest.xml:9:13-11:85
122                android:name="com.google.firebase.components:io.flutter.plugins.firebase.core.FlutterFirebaseCoreRegistrar"
122-->[:firebase_core] AndroidManifest.xml:10:17-124
123                android:value="com.google.firebase.components.ComponentRegistrar" />
123-->[:firebase_core] AndroidManifest.xml:11:17-82
124            <meta-data
124-->[com.google.firebase:firebase-auth:21.0.1] AndroidManifest.xml:77:13-79:85
125                android:name="com.google.firebase.components:com.google.firebase.auth.FirebaseAuthRegistrar"
125-->[com.google.firebase:firebase-auth:21.0.1] AndroidManifest.xml:78:17-109
126                android:value="com.google.firebase.components.ComponentRegistrar" />
126-->[com.google.firebase:firebase-auth:21.0.1] AndroidManifest.xml:79:17-82
127            <meta-data
127-->[com.google.firebase:firebase-firestore:23.0.3] AndroidManifest.xml:20:13-22:85
128                android:name="com.google.firebase.components:com.google.firebase.firestore.FirestoreRegistrar"
128-->[com.google.firebase:firebase-firestore:23.0.3] AndroidManifest.xml:21:17-111
129                android:value="com.google.firebase.components.ComponentRegistrar" />
129-->[com.google.firebase:firebase-firestore:23.0.3] AndroidManifest.xml:22:17-82
130            <meta-data
130-->[com.google.firebase:firebase-storage:20.0.0] AndroidManifest.xml:33:13-35:85
131                android:name="com.google.firebase.components:com.google.firebase.storage.StorageRegistrar"
131-->[com.google.firebase:firebase-storage:20.0.0] AndroidManifest.xml:34:17-107
132                android:value="com.google.firebase.components.ComponentRegistrar" />
132-->[com.google.firebase:firebase-storage:20.0.0] AndroidManifest.xml:35:17-82
133            <meta-data
133-->[com.google.android.gms:play-services-measurement-api:19.0.1] AndroidManifest.xml:30:13-32:85
134                android:name="com.google.firebase.components:com.google.firebase.analytics.connector.internal.AnalyticsConnectorRegistrar"
134-->[com.google.android.gms:play-services-measurement-api:19.0.1] AndroidManifest.xml:31:17-139
135                android:value="com.google.firebase.components.ComponentRegistrar" />
135-->[com.google.android.gms:play-services-measurement-api:19.0.1] AndroidManifest.xml:32:17-82
136            <meta-data
136-->[com.google.firebase:firebase-installations:17.0.0] AndroidManifest.xml:18:13-20:85
137                android:name="com.google.firebase.components:com.google.firebase.installations.FirebaseInstallationsRegistrar"
137-->[com.google.firebase:firebase-installations:17.0.0] AndroidManifest.xml:19:17-127
138                android:value="com.google.firebase.components.ComponentRegistrar" />
138-->[com.google.firebase:firebase-installations:17.0.0] AndroidManifest.xml:20:17-82
139        </service>
140
141        <activity android:name="com.facebook.CustomTabMainActivity" />
141-->[com.facebook.android:facebook-common:11.3.0] AndroidManifest.xml:34:9-71
141-->[com.facebook.android:facebook-common:11.3.0] AndroidManifest.xml:34:19-68
142        <!--
143         The initialization ContentProvider will call FacebookSdk.sdkInitialize automatically
144         with the application context. This config is merged in with the host app's manifest,
145         but there can only be one provider with the same authority activated at any given
146         point; so if the end user has two or more different apps that use Facebook SDK, only the
147         first one will be able to use the provider. To work around this problem, we use the
148         following placeholder in the authority to identify each host application as if it was
149         a completely different provider.
150        -->
151        <provider
151-->[com.facebook.android:facebook-core:11.3.0] AndroidManifest.xml:39:9-42:40
152            android:name="com.facebook.internal.FacebookInitProvider"
152-->[com.facebook.android:facebook-core:11.3.0] AndroidManifest.xml:40:13-70
153            android:authorities="com.example.flutter_fanpage_kk.FacebookInitProvider"
153-->[com.facebook.android:facebook-core:11.3.0] AndroidManifest.xml:41:13-72
154            android:exported="false" />
154-->[com.facebook.android:facebook-core:11.3.0] AndroidManifest.xml:42:13-37
155
156        <receiver
156-->[com.facebook.android:facebook-core:11.3.0] AndroidManifest.xml:44:9-50:20
157            android:name="com.facebook.CurrentAccessTokenExpirationBroadcastReceiver"
157-->[com.facebook.android:facebook-core:11.3.0] AndroidManifest.xml:45:13-86
158            android:exported="false" >
158-->[com.facebook.android:facebook-core:11.3.0] AndroidManifest.xml:46:13-37
159            <intent-filter>
159-->[com.facebook.android:facebook-core:11.3.0] AndroidManifest.xml:47:13-49:29
160                <action android:name="com.facebook.sdk.ACTION_CURRENT_ACCESS_TOKEN_CHANGED" />
160-->[com.facebook.android:facebook-core:11.3.0] AndroidManifest.xml:48:17-95
160-->[com.facebook.android:facebook-core:11.3.0] AndroidManifest.xml:48:25-92
161            </intent-filter>
162        </receiver>
163
164        <activity
164-->[com.google.firebase:firebase-auth:21.0.1] AndroidManifest.xml:27:9-44:20
165            android:name="com.google.firebase.auth.internal.GenericIdpActivity"
165-->[com.google.firebase:firebase-auth:21.0.1] AndroidManifest.xml:28:13-80
166            android:excludeFromRecents="true"
166-->[com.google.firebase:firebase-auth:21.0.1] AndroidManifest.xml:29:13-46
167            android:exported="true"
167-->[com.google.firebase:firebase-auth:21.0.1] AndroidManifest.xml:30:13-36
168            android:launchMode="singleTask"
168-->[com.google.firebase:firebase-auth:21.0.1] AndroidManifest.xml:31:13-44
169            android:theme="@android:style/Theme.Translucent.NoTitleBar" >
169-->[com.google.firebase:firebase-auth:21.0.1] AndroidManifest.xml:32:13-72
170            <intent-filter>
170-->[com.google.firebase:firebase-auth:21.0.1] AndroidManifest.xml:33:13-43:29
171                <action android:name="android.intent.action.VIEW" />
171-->src\main\AndroidManifest.xml:51:13-65
171-->src\main\AndroidManifest.xml:51:21-62
172
173                <category android:name="android.intent.category.DEFAULT" />
173-->src\main\AndroidManifest.xml:52:13-72
173-->src\main\AndroidManifest.xml:52:23-69
174                <category android:name="android.intent.category.BROWSABLE" />
174-->src\main\AndroidManifest.xml:53:13-74
174-->src\main\AndroidManifest.xml:53:23-71
175
176                <data
176-->src\main\AndroidManifest.xml:54:13-71
177                    android:host="firebase.auth"
178                    android:path="/"
179                    android:scheme="genericidp" />
179-->src\main\AndroidManifest.xml:54:19-68
180            </intent-filter>
181        </activity>
182        <activity
182-->[com.google.firebase:firebase-auth:21.0.1] AndroidManifest.xml:45:9-62:20
183            android:name="com.google.firebase.auth.internal.RecaptchaActivity"
183-->[com.google.firebase:firebase-auth:21.0.1] AndroidManifest.xml:46:13-79
184            android:excludeFromRecents="true"
184-->[com.google.firebase:firebase-auth:21.0.1] AndroidManifest.xml:47:13-46
185            android:exported="true"
185-->[com.google.firebase:firebase-auth:21.0.1] AndroidManifest.xml:48:13-36
186            android:launchMode="singleTask"
186-->[com.google.firebase:firebase-auth:21.0.1] AndroidManifest.xml:49:13-44
187            android:theme="@android:style/Theme.Translucent.NoTitleBar" >
187-->[com.google.firebase:firebase-auth:21.0.1] AndroidManifest.xml:50:13-72
188            <intent-filter>
188-->[com.google.firebase:firebase-auth:21.0.1] AndroidManifest.xml:51:13-61:29
189                <action android:name="android.intent.action.VIEW" />
189-->src\main\AndroidManifest.xml:51:13-65
189-->src\main\AndroidManifest.xml:51:21-62
190
191                <category android:name="android.intent.category.DEFAULT" />
191-->src\main\AndroidManifest.xml:52:13-72
191-->src\main\AndroidManifest.xml:52:23-69
192                <category android:name="android.intent.category.BROWSABLE" />
192-->src\main\AndroidManifest.xml:53:13-74
192-->src\main\AndroidManifest.xml:53:23-71
193
194                <data
194-->src\main\AndroidManifest.xml:54:13-71
195                    android:host="firebase.auth"
196                    android:path="/"
197                    android:scheme="recaptcha" />
197-->src\main\AndroidManifest.xml:54:19-68
198            </intent-filter>
199        </activity>
200
201        <service
201-->[com.google.firebase:firebase-auth:21.0.1] AndroidManifest.xml:64:9-73:19
202            android:name="com.google.firebase.auth.api.fallback.service.FirebaseAuthFallbackService"
202-->[com.google.firebase:firebase-auth:21.0.1] AndroidManifest.xml:65:13-101
203            android:enabled="true"
203-->[com.google.firebase:firebase-auth:21.0.1] AndroidManifest.xml:66:13-35
204            android:exported="false" >
204-->[com.google.firebase:firebase-auth:21.0.1] AndroidManifest.xml:67:13-37
205            <intent-filter>
205-->[com.google.firebase:firebase-auth:21.0.1] AndroidManifest.xml:68:13-72:29
206                <action android:name="com.google.firebase.auth.api.gms.service.START" />
206-->[com.google.firebase:firebase-auth:21.0.1] AndroidManifest.xml:69:17-89
206-->[com.google.firebase:firebase-auth:21.0.1] AndroidManifest.xml:69:25-86
207
208                <category android:name="android.intent.category.DEFAULT" />
208-->src\main\AndroidManifest.xml:52:13-72
208-->src\main\AndroidManifest.xml:52:23-69
209            </intent-filter>
210        </service>
211
212        <provider
212-->[com.google.firebase:firebase-common:20.0.0] AndroidManifest.xml:26:9-31:39
213            android:name="com.google.firebase.provider.FirebaseInitProvider"
213-->[com.google.firebase:firebase-common:20.0.0] AndroidManifest.xml:27:13-77
214            android:authorities="com.example.flutter_fanpage_kk.firebaseinitprovider"
214-->[com.google.firebase:firebase-common:20.0.0] AndroidManifest.xml:28:13-72
215            android:directBootAware="true"
215-->[com.google.firebase:firebase-common:20.0.0] AndroidManifest.xml:29:13-43
216            android:exported="false"
216-->[com.google.firebase:firebase-common:20.0.0] AndroidManifest.xml:30:13-37
217            android:initOrder="100" />
217-->[com.google.firebase:firebase-common:20.0.0] AndroidManifest.xml:31:13-36
218
219        <activity
219-->[com.google.android.gms:play-services-auth:16.0.1] AndroidManifest.xml:23:9-27:75
220            android:name="com.google.android.gms.auth.api.signin.internal.SignInHubActivity"
220-->[com.google.android.gms:play-services-auth:16.0.1] AndroidManifest.xml:24:13-93
221            android:excludeFromRecents="true"
221-->[com.google.android.gms:play-services-auth:16.0.1] AndroidManifest.xml:25:13-46
222            android:exported="false"
222-->[com.google.android.gms:play-services-auth:16.0.1] AndroidManifest.xml:26:13-37
223            android:theme="@android:style/Theme.Translucent.NoTitleBar" />
223-->[com.google.android.gms:play-services-auth:16.0.1] AndroidManifest.xml:27:13-72
224        <!--
225            Service handling Google Sign-In user revocation. For apps that do not integrate with
226            Google Sign-In, this service will never be started.
227        -->
228        <service
228-->[com.google.android.gms:play-services-auth:16.0.1] AndroidManifest.xml:33:9-36:110
229            android:name="com.google.android.gms.auth.api.signin.RevocationBoundService"
229-->[com.google.android.gms:play-services-auth:16.0.1] AndroidManifest.xml:34:13-89
230            android:exported="true"
230-->[com.google.android.gms:play-services-auth:16.0.1] AndroidManifest.xml:35:13-36
231            android:permission="com.google.android.gms.auth.api.signin.permission.REVOCATION_NOTIFICATION" />
231-->[com.google.android.gms:play-services-auth:16.0.1] AndroidManifest.xml:36:13-107
232
233        <activity
233-->[com.google.android.gms:play-services-base:17.1.0] AndroidManifest.xml:23:9-26:75
234            android:name="com.google.android.gms.common.api.GoogleApiActivity"
234-->[com.google.android.gms:play-services-base:17.1.0] AndroidManifest.xml:24:13-79
235            android:exported="false"
235-->[com.google.android.gms:play-services-base:17.1.0] AndroidManifest.xml:25:13-37
236            android:theme="@android:style/Theme.Translucent.NoTitleBar" />
236-->[com.google.android.gms:play-services-base:17.1.0] AndroidManifest.xml:26:13-72
237
238        <receiver
238-->[com.google.android.gms:play-services-measurement:19.0.1] AndroidManifest.xml:29:9-33:20
239            android:name="com.google.android.gms.measurement.AppMeasurementReceiver"
239-->[com.google.android.gms:play-services-measurement:19.0.1] AndroidManifest.xml:30:13-85
240            android:enabled="true"
240-->[com.google.android.gms:play-services-measurement:19.0.1] AndroidManifest.xml:31:13-35
241            android:exported="false" >
241-->[com.google.android.gms:play-services-measurement:19.0.1] AndroidManifest.xml:32:13-37
242        </receiver>
243
244        <service
244-->[com.google.android.gms:play-services-measurement:19.0.1] AndroidManifest.xml:35:9-38:40
245            android:name="com.google.android.gms.measurement.AppMeasurementService"
245-->[com.google.android.gms:play-services-measurement:19.0.1] AndroidManifest.xml:36:13-84
246            android:enabled="true"
246-->[com.google.android.gms:play-services-measurement:19.0.1] AndroidManifest.xml:37:13-35
247            android:exported="false" />
247-->[com.google.android.gms:play-services-measurement:19.0.1] AndroidManifest.xml:38:13-37
248        <service
248-->[com.google.android.gms:play-services-measurement:19.0.1] AndroidManifest.xml:39:9-43:72
249            android:name="com.google.android.gms.measurement.AppMeasurementJobService"
249-->[com.google.android.gms:play-services-measurement:19.0.1] AndroidManifest.xml:40:13-87
250            android:enabled="true"
250-->[com.google.android.gms:play-services-measurement:19.0.1] AndroidManifest.xml:41:13-35
251            android:exported="false"
251-->[com.google.android.gms:play-services-measurement:19.0.1] AndroidManifest.xml:42:13-37
252            android:permission="android.permission.BIND_JOB_SERVICE" />
252-->[com.google.android.gms:play-services-measurement:19.0.1] AndroidManifest.xml:43:13-69
253
254        <meta-data
254-->[com.google.android.gms:play-services-basement:17.1.0] AndroidManifest.xml:23:9-25:69
255            android:name="com.google.android.gms.version"
255-->[com.google.android.gms:play-services-basement:17.1.0] AndroidManifest.xml:24:13-58
256            android:value="@integer/google_play_services_version" />
256-->[com.google.android.gms:play-services-basement:17.1.0] AndroidManifest.xml:25:13-66
257    </application>
258
259</manifest>